┌──(kali㉿kali)-[~]                                            
└─$ nmap -p 445 --script=smb-enum-shares.nse,smb-enum-users.nse 10.10.16.125                                                  
Starting Nmap 7.91 ( https://nmap.org ) at 2021-07-18 18:52 EDT                                                               
Nmap scan report for 10.10.16.125                              
Host is up (0.17s latency).                                    

PORT    STATE SERVICE                                          
445/tcp open  microsoft-ds                                     

Host script results:                                           
| smb-enum-shares:                                             
|   account_used: guest                                        
|   \\10.10.16.125\IPC$:                                       
|     Type: STYPE_IPC_HIDDEN                                   
|     Comment: IPC Service (kenobi server (Samba, Ubuntu))     
|     Users: 1                                                 
|     Max Users: <unlimited>                                   
|     Path: C:\tmp                                             
|     Anonymous access: READ/WRITE                             
|     Current user access: READ/WRITE                          
|   \\10.10.16.125\anonymous:                                  
|     Type: STYPE_DISKTREE                                     
|     Comment:                                                 
|     Users: 0                                                 
|     Max Users: <unlimited>                                   
|     Path: C:\home\kenobi\share                               
|     Anonymous access: READ/WRITE                             
|     Current user access: READ/WRITE                          
|   \\10.10.16.125\print$:                                     
|     Type: STYPE_DISKTREE                                     
|     Comment: Printer Drivers                                 
|     Users: 0                                                 
|     Max Users: <unlimited>                                   
|     Path: C:\var\lib\samba\printers                          
|     Anonymous access: <none>                                 
|_    Current user access: <none>                              

Nmap done: 1 IP address (1 host up) scanned in 22.99 seconds   

┌──(kali㉿kali)-[~]                                            
└─$ smbclient //10.10.16.125/anonymous                         
Enter WORKGROUP\kali's password:                               
Try "help" to get a list of possible commands.                 
smb: \> ls                                                     
  .                                   D        0  Wed Sep  4 06:49:09 2019                                                    
  ..                                  D        0  Wed Sep  4 06:56:07 2019                                                    
  log.txt                             N    12237  Wed Sep  4 06:49:09 2019                                                    

                9204224 blocks of size 1024. 6877116 blocks available                                                         
smb: \> ^C                                                     

┌──(kali㉿kali)-[~]                                            
└─$ smbget -R smb://10.10.16.125/anonymous                     
Password for [kali] connecting to //anonymous/10.10.16.125:    
Using workgroup WORKGROUP, user kali                           
smb://10.10.16.125/anonymous/log.txt                                                                                                                                                                                                                         
Downloaded 11.95kB in 4 seconds                                

┌──(kali㉿kali)-[~]                                            
└─$ less log.txt                                               

┌──(kali㉿kali)-[~]                                            
└─$ nmap -p 111 --script=nfs-ls,nfs-statfs,nfs-showmount 10.10.16.125                                                         
Starting Nmap 7.91 ( https://nmap.org ) at 2021-07-18 18:58 EDT                                                               
Nmap scan report for 10.10.16.125                              
Host is up (0.098s latency).                                   

PORT    STATE SERVICE                                          
111/tcp open  rpcbind                                          
| nfs-showmount:                                               
|_  /var *                                                     

Nmap done: 1 IP address (1 host up) scanned in 1.19 seconds    
