┌──(kali㉿kali)-[~/GitHub/TryHackMe/AdventOfCyber2/Day9]       
└─$ ftp 10.10.177.15           
Connected to 10.10.177.15.     
220 Welcome to the TBFC FTP Server!.                           
Name (10.10.177.15:kali): anonymous                            
230 Login successful.          
Remote system type is UNIX.    
Using binary mode to transfer files.                           
ftp> ls                        
200 PORT command successful. Consider using PASV.              
150 Here comes the directory listing.                          
drwxr-xr-x    2 0        0            4096 Nov 16  2020 backups                                                               
drwxr-xr-x    2 0        0            4096 Nov 16  2020 elf_workshops                                                         
drwxr-xr-x    2 0        0            4096 Nov 16  2020 human_resources                                                       
drwxrwxrwx    2 65534    65534        4096 Nov 16  2020 public 
226 Directory send OK.         
ftp> cd public                 
250 Directory successfully changed.                            
ftp> ls                        
200 PORT command successful. Consider using PASV.              
150 Here comes the directory listing.                          
-rwxr-xr-x    1 111      113           341 Nov 16  2020 backup.sh                                                             
-rw-rw-rw-    1 111      113            24 Nov 16  2020 shoppinglist.txt                                                      
226 Directory send OK.         
ftp> get shoppinglist.txt      
local: shoppinglist.txt remote: shoppinglist.txt               
200 PORT command successful. Consider using PASV.              
150 Opening BINARY mode data connection for shoppinglist.txt (24 bytes).                                                      
226 Transfer complete.         
24 bytes received in 0.00 secs (200.3205 kB/s)                 
ftp> put backup.sh             
local: backup.sh remote: backup.sh                             
200 PORT command successful. Consider using PASV.              
150 Ok to send data.           
226 Transfer complete.         
54 bytes sent in 0.00 secs (712.6266 kB/s)                     
ftp>                           
