┌──(kali㉿kali)-[~]                                            
└─$ nmap 10.10.16.125                                                                                                                                                                                                                                        
Starting Nmap 7.91 ( https://nmap.org ) at 2021-07-18 18:49 EDT                                                               
Nmap scan report for 10.10.16.125                              
Host is up (0.099s latency).                                   
Not shown: 986 closed ports                                    
PORT      STATE    SERVICE                                     
21/tcp    open     ftp                                         
22/tcp    open     ssh                                         
80/tcp    open     http                                        
111/tcp   open     rpcbind                                     
139/tcp   open     netbios-ssn                                 
445/tcp   open     microsoft-ds                                
1111/tcp  filtered lmsocialserver                              
1301/tcp  filtered ci3-software-1                              
1914/tcp  filtered elm-momentum                                
2049/tcp  open     nfs                                         
3689/tcp  filtered rendezvous                                  
6510/tcp  filtered mcer-port                                   
6788/tcp  filtered smc-http                                    
50003/tcp filtered unknown                                     

Nmap done: 1 IP address (1 host up) scanned in 15.15 seconds   