┌──(kali㉿kali)-[~/GitHub/TryHackMe/Easy/TheCodCaper]          
└─$ gobuster dir --url=http://10.10.60.59 -x html,js,php,txt --wordlist=/usr/share/wordlists/dirbuster/directory-list-2.3-medium.txt -t 50                   
===============================================================                                                               
Gobuster v3.1.0                
by OJ Reeves (@TheColonial) & Christian Mehlmauer (@firefart)  
===============================================================                                                               
[+] Url:                     http://10.10.60.59                
[+] Method:                  GET                               
[+] Threads:                 50                                
[+] Wordlist:                /usr/share/wordlists/dirbuster/directory-list-2.3-medium.txt                                     
[+] Negative Status codes:   404                               
[+] User Agent:              gobuster/3.1.0                    
[+] Extensions:              html,js,php,txt                   
[+] Timeout:                 10s                               
===============================================================                                                               
2021/08/19 14:54:03 Starting gobuster in directory enumeration mode                                                           
===============================================================                                                               
/index.html           (Status: 200) [Size: 10918]              
/administrator.php    (Status: 200) [Size: 409]                
Progress: 47620 / 1102805 (4.32%)               ^C             
[!] Keyboard interrupt detected, terminating.                  
                                                               
===============================================================                                                               
2021/08/19 14:55:43 Finished   
===============================================================                                                               

┌──(kali㉿kali)-[~/GitHub/TryHackMe/Easy/TheCodCaper]          
└─$                            
